Determining if the pthread_create exist failed with the following output:
Change Dir: /home/zejiang/ROS_beginner_tutorials_ws/build/CMakeFiles/CMakeTmp

Run Build Command:"/usr/bin/make" "cmTryCompileExec4251725055/fast"
/usr/bin/make -f CMakeFiles/cmTryCompileExec4251725055.dir/build.make CMakeFiles/cmTryCompileExec4251725055.dir/build
make[1]: Entering directory `/home/zejiang/ROS_beginner_tutorials_ws/build/CMakeFiles/CMakeTmp'
/usr/bin/cmake -E cmake_progress_report /home/zejiang/ROS_beginner_tutorials_ws/build/CMakeFiles/CMakeTmp/CMakeFiles 1
Building C object CMakeFiles/cmTryCompileExec4251725055.dir/CheckSymbolExists.c.o
/usr/bin/cc    -o CMakeFiles/cmTryCompileExec4251725055.dir/CheckSymbolExists.c.o   -c /home/zejiang/ROS_beginner_tutorials_ws/build/CMakeFiles/CMakeTmp/CheckSymbolExists.c
Linking C executable cmTryCompileExec4251725055
/usr/bin/cmake -E cmake_link_script CMakeFiles/cmTryCompileExec4251725055.dir/link.txt --verbose=1
/usr/bin/cc       CMakeFiles/cmTryCompileExec4251725055.dir/CheckSymbolExists.c.o  -o cmTryCompileExec4251725055 -rdynamic 
CMakeFiles/cmTryCompileExec4251725055.dir/CheckSymbolExists.c.o: In function `main':
CheckSymbolExists.c:(.text+0xa): undefined reference to `pthread_create'
collect2: error: ld returned 1 exit status
make[1]: *** [cmTryCompileExec4251725055] Error 1
make[1]: Leaving directory `/home/zejiang/ROS_beginner_tutorials_ws/build/CMakeFiles/CMakeTmp'
make: *** [cmTryCompileExec4251725055/fast] Error 2

File /home/zejiang/ROS_beginner_tutorials_ws/build/CMakeFiles/CMakeTmp/CheckSymbolExists.c:
/* */
#include <pthread.h>

int main(int argc, char** argv)
{
  (void)argv;
#ifndef pthread_create
  return ((int*)(&pthread_create))[argc];
#else
  (void)argc;
  return 0;
#endif
}

Determining if the function pthread_create exists in the pthreads failed with the following output:
Change Dir: /home/zejiang/ROS_beginner_tutorials_ws/build/CMakeFiles/CMakeTmp

Run Build Command:"/usr/bin/make" "cmTryCompileExec1027977840/fast"
/usr/bin/make -f CMakeFiles/cmTryCompileExec1027977840.dir/build.make CMakeFiles/cmTryCompileExec1027977840.dir/build
make[1]: Entering directory `/home/zejiang/ROS_beginner_tutorials_ws/build/CMakeFiles/CMakeTmp'
/usr/bin/cmake -E cmake_progress_report /home/zejiang/ROS_beginner_tutorials_ws/build/CMakeFiles/CMakeTmp/CMakeFiles 1
Building C object CMakeFiles/cmTryCompileExec1027977840.dir/CheckFunctionExists.c.o
/usr/bin/cc   -DCHECK_FUNCTION_EXISTS=pthread_create   -o CMakeFiles/cmTryCompileExec1027977840.dir/CheckFunctionExists.c.o   -c /usr/share/cmake-3.2/Modules/CheckFunctionExists.c
Linking C executable cmTryCompileExec1027977840
/usr/bin/cmake -E cmake_link_script CMakeFiles/cmTryCompileExec1027977840.dir/link.txt --verbose=1
/usr/bin/cc   -DCHECK_FUNCTION_EXISTS=pthread_create    CMakeFiles/cmTryCompileExec1027977840.dir/CheckFunctionExists.c.o  -o cmTryCompileExec1027977840 -rdynamic -lpthreads 
/usr/bin/ld: cannot find -lpthreads
collect2: error: ld returned 1 exit status
make[1]: Leaving directory `/home/zejiang/ROS_beginner_tutorials_ws/build/CMakeFiles/CMakeTmp'
make[1]: *** [cmTryCompileExec1027977840] Error 1
make: *** [cmTryCompileExec1027977840/fast] Error 2


